2021-12-11 05:23:46 info: =================================
2021-12-11 05:23:46 info: ======= ENV: development =======
2021-12-11 05:23:46 info: 🚀 App listening on the port 3006
2021-12-11 05:23:46 info: =================================
2021-12-11 05:24:52 info: =================================
2021-12-11 05:24:52 info: ======= ENV: development =======
2021-12-11 05:24:52 info: 🚀 App listening on the port 3006
2021-12-11 05:24:52 info: =================================
2021-12-11 05:27:01 info: =================================
2021-12-11 05:27:01 info: ======= ENV: development =======
2021-12-11 05:27:01 info: 🚀 App listening on the port 3006
2021-12-11 05:27:01 info: =================================
2021-12-11 05:27:45 info: =================================
2021-12-11 05:27:45 info: ======= ENV: development =======
2021-12-11 05:27:45 info: 🚀 App listening on the port 3006
2021-12-11 05:27:45 info: =================================
2021-12-11 05:28:47 info: =================================
2021-12-11 05:28:47 info: ======= ENV: development =======
2021-12-11 05:28:47 info: 🚀 App listening on the port 3006
2021-12-11 05:28:47 info: =================================
2021-12-11 05:30:20 info: [0mOPTIONS /modeln/rest/authenticate/session/login [32m204[0m 4.547 ms - 0[0m
2021-12-11 05:30:24 info: [0mPOST /modeln/rest/authenticate/session/login [32m200[0m 3902.292 ms - 272[0m
2021-12-11 05:30:24 info: [0mOPTIONS /modeln/rest/NotifMsg/search [32m204[0m 0.311 ms - 0[0m
2021-12-11 05:30:25 info: [0mPOST /modeln/rest/NotifMsg/search [32m200[0m 423.239 ms - -[0m
2021-12-11 05:30:29 info: [0mOPTIONS /modeln/rest/data/DistRebatesClaim/1224 [32m204[0m 0.200 ms - 0[0m
2021-12-11 05:30:30 info: [0mPOST /modeln/rest/data/DistRebatesClaim/1224 [32m200[0m 237.445 ms - 162[0m
2021-12-11 05:32:12 info: =================================
2021-12-11 05:32:12 info: ======= ENV: development =======
2021-12-11 05:32:12 info: 🚀 App listening on the port 3006
2021-12-11 05:32:12 info: =================================
2021-12-11 05:32:24 info: [0mOPTIONS /modeln/rest/authenticate/session/login [32m204[0m 3.398 ms - 0[0m
2021-12-11 05:32:27 info: [0mPOST /modeln/rest/authenticate/session/login [32m200[0m 3891.043 ms - 272[0m
2021-12-11 05:32:28 info: [0mOPTIONS /modeln/rest/data/NotifMsg/search [32m204[0m 0.335 ms - 0[0m
2021-12-11 05:32:29 info: [0mPOST /modeln/rest/data/NotifMsg/search [32m200[0m 895.013 ms - -[0m
2021-12-11 05:32:43 info: [0mOPTIONS /modeln/rest/data/DistRebatesClaim/1224 [32m204[0m 0.277 ms - 0[0m
2021-12-11 05:32:43 error: [POST] /modeln/rest/data/DistRebatesClaim/1224 >> StatusCode:: 500, Message:: Cannot read property 'searchCards' of undefined
2021-12-11 05:32:43 info: [0mPOST /modeln/rest/data/DistRebatesClaim/1224 [31m500[0m 3.733 ms - 61[0m
