2021-12-10 01:24:37 info: =================================
2021-12-10 01:24:37 info: ======= ENV: development =======
2021-12-10 01:24:37 info: 🚀 App listening on the port 3006
2021-12-10 01:24:37 info: =================================
2021-12-10 01:24:58 info: [0mOPTIONS /modeln/rest/authenticate/session/login [32m204[0m 3.870 ms - 0[0m
2021-12-10 01:25:01 info: [0mPOST /modeln/rest/authenticate/session/login [32m200[0m 3625.611 ms - 272[0m
2021-12-10 01:25:01 info: [0mOPTIONS /modeln/rest/NotifMsg/search [32m204[0m 0.236 ms - 0[0m
2021-12-10 01:25:02 info: [0mPOST /modeln/rest/NotifMsg/search [32m200[0m 228.806 ms - 11[0m
2021-12-10 01:32:05 info: [0mOPTIONS /modeln/rest/authenticate/session/login [32m204[0m 0.285 ms - 0[0m
2021-12-10 01:32:08 info: [0mPOST /modeln/rest/authenticate/session/login [32m200[0m 2968.537 ms - 272[0m
2021-12-10 01:32:09 info: [0mOPTIONS /modeln/rest/NotifMsg/search [32m204[0m 0.303 ms - 0[0m
2021-12-10 01:32:09 info: [0mPOST /modeln/rest/NotifMsg/search [32m200[0m 222.361 ms - 11[0m
2021-12-10 01:36:07 info: [0mOPTIONS /modeln/rest/authenticate/session/login [32m204[0m 0.298 ms - 0[0m
2021-12-10 01:36:10 info: [0mPOST /modeln/rest/authenticate/session/login [32m200[0m 2955.123 ms - 272[0m
2021-12-10 01:36:10 info: [0mOPTIONS /modeln/rest/NotifMsg/search [32m204[0m 0.254 ms - 0[0m
2021-12-10 01:36:11 info: [0mPOST /modeln/rest/NotifMsg/search [32m200[0m 257.468 ms - 11[0m
2021-12-10 01:38:14 info: [0mOPTIONS /modeln/rest/authenticate/session/login [32m204[0m 0.223 ms - 0[0m
2021-12-10 01:38:17 info: [0mPOST /modeln/rest/authenticate/session/login [32m200[0m 3020.093 ms - 272[0m
2021-12-10 01:38:18 info: [0mOPTIONS /modeln/rest/NotifMsg/search [32m204[0m 0.180 ms - 0[0m
2021-12-10 01:38:18 info: [0mPOST /modeln/rest/NotifMsg/search [32m200[0m 220.606 ms - 11[0m
2021-12-10 01:40:01 info: [0mOPTIONS /modeln/rest/authenticate/session/login [32m204[0m 0.219 ms - 0[0m
2021-12-10 01:40:04 info: [0mPOST /modeln/rest/authenticate/session/login [32m200[0m 3079.061 ms - 272[0m
2021-12-10 01:40:04 info: [0mOPTIONS /modeln/rest/NotifMsg/search [32m204[0m 0.173 ms - 0[0m
2021-12-10 01:40:05 info: [0mPOST /modeln/rest/NotifMsg/search [32m200[0m 263.457 ms - 11[0m
2021-12-10 01:41:23 info: [0mOPTIONS /modeln/rest/authenticate/session/login [32m204[0m 0.314 ms - 0[0m
2021-12-10 01:41:26 info: [0mPOST /modeln/rest/authenticate/session/login [32m200[0m 2949.614 ms - 272[0m
2021-12-10 01:41:26 info: [0mOPTIONS /modeln/rest/NotifMsg/search [32m204[0m 0.226 ms - 0[0m
2021-12-10 01:41:26 info: [0mPOST /modeln/rest/NotifMsg/search [32m200[0m 226.098 ms - 11[0m
2021-12-10 01:52:38 info: [0mOPTIONS /modeln/rest/authenticate/session/login [32m204[0m 0.269 ms - 0[0m
2021-12-10 01:52:41 info: [0mPOST /modeln/rest/authenticate/session/login [32m200[0m 3118.483 ms - 272[0m
2021-12-10 01:52:41 info: [0mOPTIONS /modeln/rest/NotifMsg/search [32m204[0m 0.130 ms - 0[0m
2021-12-10 01:52:41 info: [0mPOST /modeln/rest/NotifMsg/search [32m200[0m 231.268 ms - 11[0m
2021-12-10 01:52:43 info: [0mOPTIONS /modeln/rest/data/PersistedSearch/search [32m204[0m 0.174 ms - 0[0m
2021-12-10 01:52:43 info: [0mPOST /modeln/rest/data/PersistedSearch/search [33m404[0m 4.147 ms - 179[0m
2021-12-10 01:53:00 info: [0mOPTIONS /modeln/rest/authenticate/session/login [32m204[0m 0.209 ms - 0[0m
2021-12-10 01:53:03 info: [0mPOST /modeln/rest/authenticate/session/login [32m200[0m 2876.598 ms - 272[0m
2021-12-10 01:53:03 info: [0mOPTIONS /modeln/rest/NotifMsg/search [32m204[0m 1.685 ms - 0[0m
2021-12-10 01:53:03 info: [0mPOST /modeln/rest/NotifMsg/search [32m200[0m 239.439 ms - 11[0m
2021-12-10 01:53:06 info: [0mOPTIONS /modeln/rest/data/PersistedSearch/search [32m204[0m 0.152 ms - 0[0m
2021-12-10 01:53:06 info: [0mPOST /modeln/rest/data/PersistedSearch/search [33m404[0m 1.227 ms - 179[0m
2021-12-10 01:55:21 info: =================================
2021-12-10 01:55:21 info: ======= ENV: development =======
2021-12-10 01:55:21 info: 🚀 App listening on the port 3006
2021-12-10 01:55:21 info: =================================
2021-12-10 01:55:36 info: [0mOPTIONS /modeln/rest/authenticate/session/login [32m204[0m 3.960 ms - 0[0m
2021-12-10 01:55:41 info: [0mPOST /modeln/rest/authenticate/session/login [32m200[0m 4344.360 ms - 272[0m
2021-12-10 01:55:44 info: [0mOPTIONS /modeln/rest/data/PersistedSearch/search [32m204[0m 0.437 ms - 0[0m
2021-12-10 01:55:44 info: [0mPOST /modeln/rest/data/PersistedSearch/search [32m200[0m 224.079 ms - 201[0m
2021-12-10 01:56:39 info: =================================
2021-12-10 01:56:39 info: ======= ENV: development =======
2021-12-10 01:56:39 info: 🚀 App listening on the port 3006
2021-12-10 01:56:39 info: =================================
2021-12-10 01:56:39 info: [0mOPTIONS /modeln/rest/authenticate/session/login [32m204[0m 3.471 ms - 0[0m
2021-12-10 01:56:42 info: [0mPOST /modeln/rest/authenticate/session/login [32m200[0m 3423.525 ms - 272[0m
2021-12-10 01:56:45 info: [0mOPTIONS /modeln/rest/data/PersistedSearch/search [32m204[0m 0.254 ms - 0[0m
2021-12-10 01:56:45 info: [0mPOST /modeln/rest/authenticate/session/login [32m200[0m 3655.619 ms - 272[0m
2021-12-10 01:56:45 info: [0mPOST /modeln/rest/data/PersistedSearch/search [32m200[0m 507.088 ms - -[0m
2021-12-10 01:57:27 info: [0mOPTIONS /modeln/rest/authenticate/session/login [32m204[0m 0.256 ms - 0[0m
2021-12-10 01:57:30 info: [0mPOST /modeln/rest/authenticate/session/login [32m200[0m 2835.502 ms - 272[0m
2021-12-10 01:57:32 info: [0mOPTIONS /modeln/rest/data/PersistedSearch/search [32m204[0m 0.182 ms - 0[0m
2021-12-10 01:57:33 info: [0mPOST /modeln/rest/data/PersistedSearch/search [32m200[0m 242.368 ms - -[0m
2021-12-10 01:58:25 info: [0mOPTIONS /modeln/rest/authenticate/session/login [32m204[0m 0.243 ms - 0[0m
2021-12-10 01:58:28 info: [0mPOST /modeln/rest/authenticate/session/login [32m200[0m 2986.856 ms - 272[0m
2021-12-10 01:58:28 info: [0mOPTIONS /modeln/rest/NotifMsg/search [32m204[0m 0.168 ms - 0[0m
2021-12-10 01:58:29 info: [0mPOST /modeln/rest/NotifMsg/search [32m200[0m 240.858 ms - 11[0m
2021-12-10 01:58:31 info: [0mOPTIONS /modeln/rest/data/PersistedSearch/search [32m204[0m 0.232 ms - 0[0m
2021-12-10 01:58:31 info: [0mPOST /modeln/rest/data/PersistedSearch/search [32m200[0m 231.301 ms - -[0m
2021-12-10 02:03:51 info: [0mOPTIONS /modeln/rest/authenticate/session/login [32m204[0m 0.260 ms - 0[0m
2021-12-10 02:03:53 info: [0mPOST /modeln/rest/authenticate/session/login [0m-[0m - ms - -[0m
2021-12-10 02:03:58 info: [0mOPTIONS /modeln/rest/authenticate/session/login [32m204[0m 0.194 ms - 0[0m
2021-12-10 02:04:01 info: [0mPOST /modeln/rest/authenticate/session/login [32m200[0m 2917.194 ms - 272[0m
2021-12-10 02:04:01 info: [0mOPTIONS /modeln/rest/NotifMsg/search [32m204[0m 0.233 ms - 0[0m
2021-12-10 02:04:01 info: [0mPOST /modeln/rest/NotifMsg/search [32m200[0m 260.747 ms - 11[0m
2021-12-10 02:04:04 info: [0mOPTIONS /modeln/rest/data/PersistedSearch/search [32m204[0m 0.258 ms - 0[0m
2021-12-10 02:04:04 info: [0mPOST /modeln/rest/data/PersistedSearch/search [32m200[0m 223.865 ms - -[0m
2021-12-10 02:04:16 info: [0mOPTIONS /modeln/rest/authenticate/session/login [32m204[0m 0.246 ms - 0[0m
2021-12-10 02:04:19 info: [0mPOST /modeln/rest/authenticate/session/login [32m200[0m 2954.258 ms - 272[0m
2021-12-10 02:04:22 info: [0mOPTIONS /modeln/rest/data/PersistedSearch/search [32m204[0m 0.213 ms - 0[0m
2021-12-10 02:04:22 info: [0mPOST /modeln/rest/data/PersistedSearch/search [32m200[0m 242.255 ms - -[0m
2021-12-10 02:07:01 info: [0mOPTIONS /modeln/rest/authenticate/session/login [32m204[0m 0.188 ms - 0[0m
2021-12-10 02:07:04 info: [0mPOST /modeln/rest/authenticate/session/login [32m200[0m 2913.580 ms - 272[0m
2021-12-10 02:07:04 info: [0mOPTIONS /modeln/rest/NotifMsg/search [32m204[0m 0.194 ms - 0[0m
2021-12-10 02:07:04 info: [0mPOST /modeln/rest/NotifMsg/search [32m200[0m 232.866 ms - 11[0m
2021-12-10 02:07:06 info: [0mOPTIONS /modeln/rest/data/PersistedSearch/search [32m204[0m 0.194 ms - 0[0m
2021-12-10 02:07:06 info: [0mPOST /modeln/rest/data/PersistedSearch/search [32m200[0m 250.679 ms - -[0m
2021-12-10 02:08:16 info: [0mOPTIONS /modeln/rest/authenticate/session/login [32m204[0m 0.185 ms - 0[0m
2021-12-10 02:08:19 info: [0mPOST /modeln/rest/authenticate/session/login [32m200[0m 2836.031 ms - 272[0m
2021-12-10 02:08:19 info: [0mOPTIONS /modeln/rest/NotifMsg/search [32m204[0m 0.189 ms - 0[0m
2021-12-10 02:08:19 info: [0mPOST /modeln/rest/NotifMsg/search [32m200[0m 267.555 ms - 11[0m
2021-12-10 02:08:21 info: [0mOPTIONS /modeln/rest/data/PersistedSearch/search [32m204[0m 0.237 ms - 0[0m
2021-12-10 02:08:21 info: [0mPOST /modeln/rest/data/PersistedSearch/search [32m200[0m 250.176 ms - -[0m
2021-12-10 02:08:29 info: [0mOPTIONS /modeln/rest/authenticate/session/login [32m204[0m 0.180 ms - 0[0m
2021-12-10 02:08:32 info: [0mPOST /modeln/rest/authenticate/session/login [32m200[0m 2843.263 ms - 272[0m
2021-12-10 02:27:35 info: [0mOPTIONS /modeln/rest/authenticate/session/login [32m204[0m 0.206 ms - 0[0m
2021-12-10 02:27:38 info: [0mPOST /modeln/rest/authenticate/session/login [32m200[0m 3032.763 ms - 272[0m
2021-12-10 02:27:38 info: [0mOPTIONS /modeln/rest/NotifMsg/search [32m204[0m 0.116 ms - 0[0m
2021-12-10 02:27:38 info: [0mPOST /modeln/rest/NotifMsg/search [32m200[0m 242.058 ms - 11[0m
2021-12-10 02:27:43 info: [0mOPTIONS /modeln/rest/data/PersistedSearch/search [32m204[0m 0.197 ms - 0[0m
2021-12-10 02:27:44 info: [0mPOST /modeln/rest/data/PersistedSearch/search [32m200[0m 291.552 ms - -[0m
2021-12-10 03:49:23 info: [0mOPTIONS /modeln/rest/authenticate/session/login [32m204[0m 0.390 ms - 0[0m
2021-12-10 03:49:26 info: [0mPOST /modeln/rest/authenticate/session/login [32m200[0m 3171.454 ms - 272[0m
2021-12-10 03:49:26 info: [0mOPTIONS /modeln/rest/NotifMsg/search [32m204[0m 0.176 ms - 0[0m
2021-12-10 03:49:26 info: [0mPOST /modeln/rest/NotifMsg/search [32m200[0m 251.086 ms - 11[0m
2021-12-10 03:49:31 info: [0mOPTIONS /modeln/rest/data/PersistedSearch/search [32m204[0m 0.193 ms - 0[0m
2021-12-10 03:49:31 info: [0mPOST /modeln/rest/data/PersistedSearch/search [32m200[0m 279.392 ms - -[0m
2021-12-10 03:49:56 info: [0mOPTIONS /modeln/rest/authenticate/session/login [32m204[0m 0.088 ms - 0[0m
2021-12-10 03:49:56 info: [0mPOST /modeln/rest/authenticate/session/login [32m200[0m 341.147 ms - 125[0m
2021-12-10 03:50:00 info: [0mPOST /modeln/rest/authenticate/session/login [32m200[0m 213.923 ms - 125[0m
2021-12-10 03:50:07 info: [0mOPTIONS /modeln/rest/authenticate/session/login [32m204[0m 0.150 ms - 0[0m
2021-12-10 03:50:07 info: [0mPOST /modeln/rest/authenticate/session/login [32m200[0m 304.457 ms - 125[0m
2021-12-10 03:50:10 info: [0mPOST /modeln/rest/authenticate/session/login [32m200[0m 235.150 ms - 125[0m
2021-12-10 03:54:34 info: [0mOPTIONS /modeln/rest/authenticate/session/login [32m204[0m 0.224 ms - 0[0m
2021-12-10 03:54:35 info: [0mPOST /modeln/rest/authenticate/session/login [32m200[0m 347.063 ms - 125[0m
2021-12-10 03:54:41 info: [0mOPTIONS /modeln/rest/authenticate/session/login [32m204[0m 0.127 ms - 0[0m
2021-12-10 03:54:44 info: [0mPOST /modeln/rest/authenticate/session/login [32m200[0m 2857.381 ms - 272[0m
2021-12-10 03:54:44 info: [0mOPTIONS /modeln/rest/NotifMsg/search [32m204[0m 0.172 ms - 0[0m
2021-12-10 03:54:44 info: [0mPOST /modeln/rest/NotifMsg/search [32m200[0m 345.069 ms - 11[0m
2021-12-10 03:54:50 info: [0mOPTIONS /modeln/rest/data/PersistedSearch/search [32m204[0m 0.137 ms - 0[0m
2021-12-10 03:54:50 info: [0mPOST /modeln/rest/data/PersistedSearch/search [32m200[0m 264.954 ms - -[0m
2021-12-10 12:19:55 info: [0mOPTIONS /modeln/rest/authenticate/session/login [32m204[0m 6.056 ms - 0[0m
2021-12-10 12:19:58 info: [0mPOST /modeln/rest/authenticate/session/login [32m200[0m 3112.051 ms - 272[0m
2021-12-10 12:19:58 info: [0mOPTIONS /modeln/rest/NotifMsg/search [32m204[0m 0.167 ms - 0[0m
2021-12-10 12:19:59 info: [0mPOST /modeln/rest/NotifMsg/search [32m200[0m 253.156 ms - 11[0m
2021-12-10 12:20:01 info: [0mOPTIONS /modeln/rest/data/PersistedSearch/search [32m204[0m 0.173 ms - 0[0m
2021-12-10 12:20:01 info: [0mPOST /modeln/rest/data/PersistedSearch/search [32m200[0m 265.705 ms - -[0m
2021-12-10 12:20:34 info: [0mOPTIONS /modeln/rest/authenticate/session/login [32m204[0m 0.315 ms - 0[0m
2021-12-10 12:20:37 info: [0mPOST /modeln/rest/authenticate/session/login [32m200[0m 2894.996 ms - 272[0m
2021-12-10 12:20:37 info: [0mOPTIONS /modeln/rest/NotifMsg/search [32m204[0m 0.339 ms - 0[0m
2021-12-10 12:20:37 info: [0mPOST /modeln/rest/NotifMsg/search [32m200[0m 240.276 ms - 11[0m
2021-12-10 12:20:40 info: [0mOPTIONS /modeln/rest/data/PersistedSearch/search [32m204[0m 0.174 ms - 0[0m
2021-12-10 12:20:40 info: [0mPOST /modeln/rest/data/PersistedSearch/search [32m200[0m 218.697 ms - -[0m
2021-12-10 13:56:32 info: [0mOPTIONS /modeln/rest/authenticate/session/login [32m204[0m 1.075 ms - 0[0m
2021-12-10 13:56:36 info: [0mPOST /modeln/rest/authenticate/session/login [32m200[0m 4029.070 ms - 272[0m
2021-12-10 13:56:37 info: [0mOPTIONS /modeln/rest/NotifMsg/search [32m204[0m 0.185 ms - 0[0m
2021-12-10 13:56:37 info: [0mPOST /modeln/rest/NotifMsg/search [32m200[0m 749.706 ms - 11[0m
2021-12-10 13:56:42 info: [0mOPTIONS /modeln/rest/data/PersistedSearch/search [32m204[0m 0.161 ms - 0[0m
2021-12-10 13:56:44 info: [0mPOST /modeln/rest/data/PersistedSearch/search [32m200[0m 1030.136 ms - -[0m
2021-12-10 15:00:47 info: [0mOPTIONS /modeln/rest/authenticate/session/login [32m204[0m 0.367 ms - 0[0m
2021-12-10 15:00:50 info: [0mPOST /modeln/rest/authenticate/session/login [32m200[0m 3006.466 ms - 272[0m
2021-12-10 15:00:50 info: [0mOPTIONS /modeln/rest/NotifMsg/search [32m204[0m 0.135 ms - 0[0m
2021-12-10 15:00:50 info: [0mPOST /modeln/rest/NotifMsg/search [32m200[0m 254.923 ms - 11[0m
2021-12-10 15:00:53 info: [0mOPTIONS /modeln/rest/data/PersistedSearch/search [32m204[0m 0.133 ms - 0[0m
2021-12-10 15:00:53 info: [0mPOST /modeln/rest/data/PersistedSearch/search [32m200[0m 435.663 ms - -[0m
2021-12-10 15:02:44 info: [0mOPTIONS /modeln/rest/authenticate/session/login [32m204[0m 0.190 ms - 0[0m
2021-12-10 15:02:47 info: [0mPOST /modeln/rest/authenticate/session/login [32m200[0m 3038.943 ms - 272[0m
2021-12-10 15:02:47 info: [0mOPTIONS /modeln/rest/NotifMsg/search [32m204[0m 0.156 ms - 0[0m
2021-12-10 15:02:48 info: [0mPOST /modeln/rest/NotifMsg/search [32m200[0m 248.294 ms - 11[0m
2021-12-10 15:08:30 info: [0mOPTIONS /modeln/rest/authenticate/session/login [32m204[0m 0.239 ms - 0[0m
2021-12-10 15:08:34 info: [0mPOST /modeln/rest/authenticate/session/login [32m200[0m 3177.767 ms - 272[0m
2021-12-10 15:08:35 info: [0mOPTIONS /modeln/rest/NotifMsg/search [32m204[0m 1.149 ms - 0[0m
2021-12-10 15:08:35 info: [0mPOST /modeln/rest/NotifMsg/search [32m200[0m 262.787 ms - 11[0m
2021-12-10 15:09:03 info: [0mOPTIONS /modeln/rest/authenticate/session/login [32m204[0m 0.223 ms - 0[0m
2021-12-10 15:09:06 info: [0mPOST /modeln/rest/authenticate/session/login [32m200[0m 2948.908 ms - 272[0m
2021-12-10 15:09:06 info: [0mOPTIONS /modeln/rest/NotifMsg/search [32m204[0m 0.173 ms - 0[0m
2021-12-10 15:09:07 info: [0mPOST /modeln/rest/NotifMsg/search [32m200[0m 261.607 ms - 11[0m
2021-12-10 15:15:27 info: [0mOPTIONS /modeln/rest/authenticate/session/login [32m204[0m 0.177 ms - 0[0m
2021-12-10 15:15:30 info: [0mPOST /modeln/rest/authenticate/session/login [32m200[0m 3062.381 ms - 272[0m
2021-12-10 15:15:30 info: [0mOPTIONS /modeln/rest/data/PersistedSearch/search [32m204[0m 3.145 ms - 0[0m
2021-12-10 15:15:31 info: [0mPOST /modeln/rest/data/PersistedSearch/search [32m200[0m 383.968 ms - -[0m
2021-12-10 15:15:35 info: [0mOPTIONS /modeln/rest/NotifMsg/search [32m204[0m 0.079 ms - 0[0m
2021-12-10 15:15:35 info: [0mPOST /modeln/rest/NotifMsg/search [32m200[0m 309.387 ms - 11[0m
2021-12-10 15:16:18 info: [0mOPTIONS /modeln/rest/authenticate/session/login [32m204[0m 0.138 ms - 0[0m
2021-12-10 15:16:21 info: [0mPOST /modeln/rest/authenticate/session/login [32m200[0m 2927.499 ms - 272[0m
2021-12-10 15:16:21 info: [0mOPTIONS /modeln/rest/data/PersistedSearch/search [32m204[0m 0.102 ms - 0[0m
2021-12-10 15:16:21 info: [0mPOST /modeln/rest/data/PersistedSearch/search [32m200[0m 282.627 ms - -[0m
2021-12-10 15:16:24 info: [0mOPTIONS /modeln/rest/NotifMsg/search [32m204[0m 0.144 ms - 0[0m
2021-12-10 15:16:24 info: [0mPOST /modeln/rest/NotifMsg/search [32m200[0m 348.826 ms - 11[0m
2021-12-10 15:17:52 info: [0mOPTIONS /modeln/rest/authenticate/session/login [32m204[0m 0.088 ms - 0[0m
2021-12-10 15:17:55 info: [0mPOST /modeln/rest/authenticate/session/login [32m200[0m 2970.337 ms - 272[0m
2021-12-10 15:17:55 info: [0mOPTIONS /modeln/rest/data/PersistedSearch/search [32m204[0m 0.131 ms - 0[0m
2021-12-10 15:17:55 info: [0mPOST /modeln/rest/data/PersistedSearch/search [32m200[0m 252.086 ms - -[0m
2021-12-10 15:18:03 info: [0mOPTIONS /modeln/rest/NotifMsg/search [32m204[0m 0.147 ms - 0[0m
2021-12-10 15:18:03 info: [0mPOST /modeln/rest/NotifMsg/search [32m200[0m 236.214 ms - 11[0m
2021-12-10 15:23:22 info: [0mOPTIONS /modeln/rest/authenticate/session/login [32m204[0m 0.160 ms - 0[0m
2021-12-10 15:23:25 info: [0mPOST /modeln/rest/authenticate/session/login [32m200[0m 3066.772 ms - 272[0m
2021-12-10 15:23:26 info: [0mOPTIONS /modeln/rest/data/PersistedSearch/search [32m204[0m 0.114 ms - 0[0m
2021-12-10 15:23:26 info: [0mPOST /modeln/rest/data/PersistedSearch/search [32m200[0m 295.106 ms - -[0m
2021-12-10 15:23:28 info: [0mOPTIONS /modeln/rest/NotifMsg/search [32m204[0m 0.160 ms - 0[0m
2021-12-10 15:23:29 info: [0mPOST /modeln/rest/NotifMsg/search [32m200[0m 233.443 ms - 11[0m
2021-12-10 15:26:03 info: [0mOPTIONS /modeln/rest/authenticate/session/login [32m204[0m 0.164 ms - 0[0m
2021-12-10 15:26:06 info: [0mPOST /modeln/rest/authenticate/session/login [32m200[0m 2961.507 ms - 272[0m
2021-12-10 15:26:06 info: [0mOPTIONS /modeln/rest/data/PersistedSearch/search [32m204[0m 0.133 ms - 0[0m
2021-12-10 15:26:06 info: [0mPOST /modeln/rest/data/PersistedSearch/search [32m200[0m 330.739 ms - -[0m
2021-12-10 15:26:17 info: [0mOPTIONS /modeln/rest/NotifMsg/search [32m204[0m 0.154 ms - 0[0m
2021-12-10 15:26:17 info: [0mPOST /modeln/rest/NotifMsg/search [32m200[0m 273.480 ms - 11[0m
2021-12-10 15:26:21 info: [0mOPTIONS /modeln/rest/authenticate/session/login [32m204[0m 0.138 ms - 0[0m
2021-12-10 15:26:24 info: [0mPOST /modeln/rest/authenticate/session/login [32m200[0m 3032.587 ms - 272[0m
2021-12-10 15:26:24 info: [0mOPTIONS /modeln/rest/data/PersistedSearch/search [32m204[0m 0.074 ms - 0[0m
2021-12-10 15:26:24 info: [0mPOST /modeln/rest/data/PersistedSearch/search [32m200[0m 439.569 ms - -[0m
2021-12-10 15:28:07 info: [0mOPTIONS /modeln/rest/authenticate/session/login [32m204[0m 0.166 ms - 0[0m
2021-12-10 15:28:10 info: [0mPOST /modeln/rest/authenticate/session/login [32m200[0m 2933.289 ms - 272[0m
2021-12-10 15:28:10 info: [0mOPTIONS /modeln/rest/data/PersistedSearch/search [32m204[0m 0.131 ms - 0[0m
2021-12-10 15:28:10 info: [0mPOST /modeln/rest/data/PersistedSearch/search [32m200[0m 274.176 ms - -[0m
2021-12-10 15:28:14 info: [0mOPTIONS /modeln/rest/NotifMsg/search [32m204[0m 0.155 ms - 0[0m
2021-12-10 15:28:14 info: [0mPOST /modeln/rest/NotifMsg/search [32m200[0m 236.150 ms - 11[0m
2021-12-10 15:28:19 info: [0mOPTIONS /modeln/rest/authenticate/session/login [32m204[0m 0.122 ms - 0[0m
2021-12-10 15:28:22 info: [0mPOST /modeln/rest/authenticate/session/login [32m200[0m 2882.546 ms - 272[0m
2021-12-10 15:28:22 info: [0mOPTIONS /modeln/rest/data/PersistedSearch/search [32m204[0m 0.165 ms - 0[0m
2021-12-10 15:28:22 info: [0mPOST /modeln/rest/data/PersistedSearch/search [32m200[0m 328.356 ms - -[0m
2021-12-10 15:28:32 info: [0mOPTIONS /modeln/rest/NotifMsg/search [32m204[0m 0.108 ms - 0[0m
2021-12-10 15:28:32 info: [0mPOST /modeln/rest/NotifMsg/search [32m200[0m 341.451 ms - 11[0m
2021-12-10 15:33:08 info: [0mOPTIONS /modeln/rest/authenticate/session/login [32m204[0m 0.090 ms - 0[0m
2021-12-10 15:33:11 info: [0mPOST /modeln/rest/authenticate/session/login [32m200[0m 3029.898 ms - 272[0m
2021-12-10 15:33:11 info: [0mOPTIONS /modeln/rest/data/PersistedSearch/search [32m204[0m 0.158 ms - 0[0m
2021-12-10 15:33:11 info: [0mPOST /modeln/rest/data/PersistedSearch/search [32m200[0m 248.241 ms - -[0m
2021-12-10 16:34:59 info: [0mOPTIONS /modeln/rest/authenticate/session/login [32m204[0m 0.551 ms - 0[0m
2021-12-10 16:35:02 info: [0mPOST /modeln/rest/authenticate/session/login [32m200[0m 2979.504 ms - 272[0m
2021-12-10 16:35:02 info: [0mOPTIONS /modeln/rest/NotifMsg/search [32m204[0m 0.107 ms - 0[0m
2021-12-10 16:35:02 info: [0mPOST /modeln/rest/NotifMsg/search [32m200[0m 240.345 ms - 11[0m
